<?xml version="1.0" encoding="UTF-8"?>
<testsuite xmlns:xsi="http://www.w3.org/2001/XMLSchema-instance" xsi:noNamespaceSchemaLocation="https://maven.apache.org/surefire/maven-surefire-plugin/xsd/surefire-test-report-3.0.xsd" version="3.0" name="utilities.BaseTest" time="0.348" tests="0" errors="0" skipped="0" failures="0">
  <properties>
    <property name="java.specification.version" value="23"/>
    <property name="sun.jnu.encoding" value="UTF-8"/>
    <property name="java.class.path" value="/Users/JORGITO/Documents/Testing - JTORR70/kata-api-testing/target/test-classes:/Users/JORGITO/Documents/Testing - JTORR70/kata-api-testing/target/classes:/Users/JORGITO/.m2/repository/io/rest-assured/rest-assured/5.3.2/rest-assured-5.3.2.jar:/Users/JORGITO/.m2/repository/org/apache/groovy/groovy/4.0.11/groovy-4.0.11.jar:/Users/JORGITO/.m2/repository/org/apache/groovy/groovy-xml/4.0.11/groovy-xml-4.0.11.jar:/Users/JORGITO/.m2/repository/org/apache/httpcomponents/httpclient/4.5.13/httpclient-4.5.13.jar:/Users/JORGITO/.m2/repository/org/apache/httpcomponents/httpcore/4.4.13/httpcore-4.4.13.jar:/Users/JORGITO/.m2/repository/org/apache/httpcomponents/httpmime/4.5.13/httpmime-4.5.13.jar:/Users/JORGITO/.m2/repository/org/hamcrest/hamcrest/2.2/hamcrest-2.2.jar:/Users/JORGITO/.m2/repository/org/ccil/cowan/tagsoup/tagsoup/1.2.1/tagsoup-1.2.1.jar:/Users/JORGITO/.m2/repository/io/rest-assured/json-path/5.3.2/json-path-5.3.2.jar:/Users/JORGITO/.m2/repository/org/apache/groovy/groovy-json/4.0.11/groovy-json-4.0.11.jar:/Users/JORGITO/.m2/repository/io/rest-assured/rest-assured-common/5.3.2/rest-assured-common-5.3.2.jar:/Users/JORGITO/.m2/repository/io/rest-assured/xml-path/5.3.2/xml-path-5.3.2.jar:/Users/JORGITO/.m2/repository/org/apache/commons/commons-lang3/3.11/commons-lang3-3.11.jar:/Users/JORGITO/.m2/repository/org/testng/testng/7.10.1/testng-7.10.1.jar:/Users/JORGITO/.m2/repository/org/slf4j/slf4j-api/1.7.36/slf4j-api-1.7.36.jar:/Users/JORGITO/.m2/repository/com/beust/jcommander/1.82/jcommander-1.82.jar:/Users/JORGITO/.m2/repository/org/webjars/jquery/3.7.1/jquery-3.7.1.jar:/Users/JORGITO/.m2/repository/org/json/json/20240303/json-20240303.jar:/Users/JORGITO/.m2/repository/com/aventstack/extentreports/5.1.2/extentreports-5.1.2.jar:/Users/JORGITO/.m2/repository/io/reactivex/rxjava3/rxjava/3.1.6/rxjava-3.1.6.jar:/Users/JORGITO/.m2/repository/org/reactivestreams/reactive-streams/1.0.4/reactive-streams-1.0.4.jar:/Users/JORGITO/.m2/repository/org/freemarker/freemarker/2.3.32/freemarker-2.3.32.jar:/Users/JORGITO/.m2/repository/org/projectlombok/lombok/1.18.26/lombok-1.18.26.jar:/Users/JORGITO/.m2/repository/com/google/code/gson/gson/2.10.1/gson-2.10.1.jar:/Users/JORGITO/.m2/repository/io/github/cdimascio/dotenv-java/3.0.0/dotenv-java-3.0.0.jar:/Users/JORGITO/.m2/repository/com/amazonaws/aws-java-sdk-core/1.12.767/aws-java-sdk-core-1.12.767.jar:/Users/JORGITO/.m2/repository/commons-logging/commons-logging/1.1.3/commons-logging-1.1.3.jar:/Users/JORGITO/.m2/repository/commons-codec/commons-codec/1.15/commons-codec-1.15.jar:/Users/JORGITO/.m2/repository/com/fasterxml/jackson/core/jackson-databind/2.12.7.2/jackson-databind-2.12.7.2.jar:/Users/JORGITO/.m2/repository/com/fasterxml/jackson/core/jackson-annotations/2.12.7/jackson-annotations-2.12.7.jar:/Users/JORGITO/.m2/repository/com/fasterxml/jackson/core/jackson-core/2.12.7/jackson-core-2.12.7.jar:/Users/JORGITO/.m2/repository/com/fasterxml/jackson/dataformat/jackson-dataformat-cbor/2.12.6/jackson-dataformat-cbor-2.12.6.jar:/Users/JORGITO/.m2/repository/joda-time/joda-time/2.12.7/joda-time-2.12.7.jar:"/>
    <property name="java.vm.vendor" value="Homebrew"/>
    <property name="sun.arch.data.model" value="64"/>
    <property name="java.vendor.url" value="https://github.com/Homebrew/homebrew-core/issues"/>
    <property name="user.timezone" value="America/Bogota"/>
    <property name="suiteXmlFile" value="src/test/utilities/testng.xml"/>
    <property name="os.name" value="Mac OS X"/>
    <property name="java.vm.specification.version" value="23"/>
    <property name="sun.java.launcher" value="SUN_STANDARD"/>
    <property name="user.country" value="CO"/>
    <property name="sun.boot.library.path" value="/opt/homebrew/Cellar/openjdk/23.0.2/libexec/openjdk.jdk/Contents/Home/lib"/>
    <property name="sun.java.command" value="/Users/JORGITO/Documents/Testing - JTORR70/kata-api-testing/target/surefire/surefirebooter-20250316083736036_3.jar /Users/JORGITO/Documents/Testing - JTORR70/kata-api-testing/target/surefire 2025-03-16T08-37-35_999-jvmRun1 surefire-20250316083736036_1tmp surefire_0-20250316083736036_2tmp"/>
    <property name="http.nonProxyHosts" value="local|*.local|169.254/16|*.169.254/16"/>
    <property name="jdk.debug" value="release"/>
    <property name="surefire.test.class.path" value="/Users/JORGITO/Documents/Testing - JTORR70/kata-api-testing/target/test-classes:/Users/JORGITO/Documents/Testing - JTORR70/kata-api-testing/target/classes:/Users/JORGITO/.m2/repository/io/rest-assured/rest-assured/5.3.2/rest-assured-5.3.2.jar:/Users/JORGITO/.m2/repository/org/apache/groovy/groovy/4.0.11/groovy-4.0.11.jar:/Users/JORGITO/.m2/repository/org/apache/groovy/groovy-xml/4.0.11/groovy-xml-4.0.11.jar:/Users/JORGITO/.m2/repository/org/apache/httpcomponents/httpclient/4.5.13/httpclient-4.5.13.jar:/Users/JORGITO/.m2/repository/org/apache/httpcomponents/httpcore/4.4.13/httpcore-4.4.13.jar:/Users/JORGITO/.m2/repository/org/apache/httpcomponents/httpmime/4.5.13/httpmime-4.5.13.jar:/Users/JORGITO/.m2/repository/org/hamcrest/hamcrest/2.2/hamcrest-2.2.jar:/Users/JORGITO/.m2/repository/org/ccil/cowan/tagsoup/tagsoup/1.2.1/tagsoup-1.2.1.jar:/Users/JORGITO/.m2/repository/io/rest-assured/json-path/5.3.2/json-path-5.3.2.jar:/Users/JORGITO/.m2/repository/org/apache/groovy/groovy-json/4.0.11/groovy-json-4.0.11.jar:/Users/JORGITO/.m2/repository/io/rest-assured/rest-assured-common/5.3.2/rest-assured-common-5.3.2.jar:/Users/JORGITO/.m2/repository/io/rest-assured/xml-path/5.3.2/xml-path-5.3.2.jar:/Users/JORGITO/.m2/repository/org/apache/commons/commons-lang3/3.11/commons-lang3-3.11.jar:/Users/JORGITO/.m2/repository/org/testng/testng/7.10.1/testng-7.10.1.jar:/Users/JORGITO/.m2/repository/org/slf4j/slf4j-api/1.7.36/slf4j-api-1.7.36.jar:/Users/JORGITO/.m2/repository/com/beust/jcommander/1.82/jcommander-1.82.jar:/Users/JORGITO/.m2/repository/org/webjars/jquery/3.7.1/jquery-3.7.1.jar:/Users/JORGITO/.m2/repository/org/json/json/20240303/json-20240303.jar:/Users/JORGITO/.m2/repository/com/aventstack/extentreports/5.1.2/extentreports-5.1.2.jar:/Users/JORGITO/.m2/repository/io/reactivex/rxjava3/rxjava/3.1.6/rxjava-3.1.6.jar:/Users/JORGITO/.m2/repository/org/reactivestreams/reactive-streams/1.0.4/reactive-streams-1.0.4.jar:/Users/JORGITO/.m2/repository/org/freemarker/freemarker/2.3.32/freemarker-2.3.32.jar:/Users/JORGITO/.m2/repository/org/projectlombok/lombok/1.18.26/lombok-1.18.26.jar:/Users/JORGITO/.m2/repository/com/google/code/gson/gson/2.10.1/gson-2.10.1.jar:/Users/JORGITO/.m2/repository/io/github/cdimascio/dotenv-java/3.0.0/dotenv-java-3.0.0.jar:/Users/JORGITO/.m2/repository/com/amazonaws/aws-java-sdk-core/1.12.767/aws-java-sdk-core-1.12.767.jar:/Users/JORGITO/.m2/repository/commons-logging/commons-logging/1.1.3/commons-logging-1.1.3.jar:/Users/JORGITO/.m2/repository/commons-codec/commons-codec/1.15/commons-codec-1.15.jar:/Users/JORGITO/.m2/repository/com/fasterxml/jackson/core/jackson-databind/2.12.7.2/jackson-databind-2.12.7.2.jar:/Users/JORGITO/.m2/repository/com/fasterxml/jackson/core/jackson-annotations/2.12.7/jackson-annotations-2.12.7.jar:/Users/JORGITO/.m2/repository/com/fasterxml/jackson/core/jackson-core/2.12.7/jackson-core-2.12.7.jar:/Users/JORGITO/.m2/repository/com/fasterxml/jackson/dataformat/jackson-dataformat-cbor/2.12.6/jackson-dataformat-cbor-2.12.6.jar:/Users/JORGITO/.m2/repository/joda-time/joda-time/2.12.7/joda-time-2.12.7.jar:"/>
    <property name="sun.cpu.endian" value="little"/>
    <property name="user.home" value="/Users/JORGITO"/>
    <property name="user.language" value="es"/>
    <property name="java.specification.vendor" value="Oracle Corporation"/>
    <property name="java.version.date" value="2025-01-21"/>
    <property name="java.home" value="/opt/homebrew/Cellar/openjdk/23.0.2/libexec/openjdk.jdk/Contents/Home"/>
    <property name="file.separator" value="/"/>
    <property name="basedir" value="/Users/JORGITO/Documents/Testing - JTORR70/kata-api-testing"/>
    <property name="java.vm.compressedOopsMode" value="Zero based"/>
    <property name="line.separator" value="&#10;"/>
    <property name="java.vm.specification.vendor" value="Oracle Corporation"/>
    <property name="java.specification.name" value="Java Platform API Specification"/>
    <property name="apple.awt.application.name" value="ForkedBooter"/>
    <property name="surefire.real.class.path" value="/Users/JORGITO/Documents/Testing - JTORR70/kata-api-testing/target/surefire/surefirebooter-20250316083736036_3.jar"/>
    <property name="sun.management.compiler" value="HotSpot 64-Bit Tiered Compilers"/>
    <property name="ftp.nonProxyHosts" value="local|*.local|169.254/16|*.169.254/16"/>
    <property name="java.runtime.version" value="23.0.2"/>
    <property name="user.name" value="JORGITO"/>
    <property name="stdout.encoding" value="UTF-8"/>
    <property name="path.separator" value=":"/>
    <property name="os.version" value="15.1.1"/>
    <property name="java.runtime.name" value="OpenJDK Runtime Environment"/>
    <property name="file.encoding" value="UTF-8"/>
    <property name="java.vm.name" value="OpenJDK 64-Bit Server VM"/>
    <property name="java.vendor.version" value="Homebrew"/>
    <property name="localRepository" value="/Users/JORGITO/.m2/repository"/>
    <property name="java.vendor.url.bug" value="https://github.com/Homebrew/homebrew-core/issues"/>
    <property name="java.io.tmpdir" value="/var/folders/jy/4vzg0df96gbfd3qp211n7gvw0000gq/T/"/>
    <property name="java.version" value="23.0.2"/>
    <property name="user.dir" value="/Users/JORGITO/Documents/Testing - JTORR70/kata-api-testing"/>
    <property name="os.arch" value="aarch64"/>
    <property name="java.vm.specification.name" value="Java Virtual Machine Specification"/>
    <property name="native.encoding" value="UTF-8"/>
    <property name="java.library.path" value="/Users/JORGITO/Library/Java/Extensions:/Library/Java/Extensions:/Network/Library/Java/Extensions:/System/Library/Java/Extensions:/usr/lib/java:."/>
    <property name="java.vm.info" value="mixed mode, sharing"/>
    <property name="stderr.encoding" value="UTF-8"/>
    <property name="java.vendor" value="Homebrew"/>
    <property name="java.vm.version" value="23.0.2"/>
    <property name="sun.io.unicode.encoding" value="UnicodeBig"/>
    <property name="socksNonProxyHosts" value="local|*.local|169.254/16|*.169.254/16"/>
    <property name="java.class.version" value="67.0"/>
  </properties>
</testsuite>